[2026-07-05T14:40:33.972Z] Stream Vault Native Messaging Host started
[2026-07-05T14:40:33.976Z] Received message: {"action":"ping"}
[2026-07-05T14:40:52.370Z] Stream Vault Native Messaging Host started
[2026-07-05T14:40:52.374Z] Received message: {"action":"ping"}
[2026-07-05T14:42:19.839Z] Stream Vault Native Messaging Host started
[2026-07-05T14:42:19.845Z] Received message: {"action":"save_and_play","content":"#EXTM3U\n#EXTINF:-1,Obsession.2026.1080p.AMZN.WEB-DL.DDP5.1.H264.MP4-BTM\nhttps://torrserver.ankitgupta.com.np/stream/video.m3u8?hash=afa1047f19870e4a75a8603037fd0fb11bdfdce0&id=1\n","folder":"C:\\StreamVault_Downloads","filename":"Obsession20261080pAMZNWEB-DLDDP51H264MP4-BTM_afa1047f19870e4a75a8603037fd0fb11bdfdce0.m3u8"}
[2026-07-05T14:42:19.867Z] Successfully saved playlist file to: C:\StreamVault_Downloads\Obsession20261080pAMZNWEB-DLDDP51H264MP4-BTM_afa1047f19870e4a75a8603037fd0fb11bdfdce0.m3u8
[2026-07-05T14:42:19.868Z] Spawning VLC path: "C:\Program Files\VideoLAN\VLC\vlc.exe" with file: "C:\StreamVault_Downloads\Obsession20261080pAMZNWEB-DLDDP51H264MP4-BTM_afa1047f19870e4a75a8603037fd0fb11bdfdce0.m3u8"
[2026-07-05T14:43:05.629Z] Stream Vault Native Messaging Host stream ended
[2026-07-05T14:45:31.067Z] Stream Vault Native Messaging Host started
[2026-07-05T14:45:31.072Z] Received message: {"action":"save_and_play","content":"#EXTM3U\n#EXTINF:-1,Obsession.2026.1080p.AMZN.WEB-DL.DDP5.1.H264.MP4-BTM\nhttps://torrserver.ankitgupta.com.np/stream?hash=afa1047f19870e4a75a8603037fd0fb11bdfdce0&id=1\n","folder":"C:\\StreamVault_Downloads","filename":"Obsession20261080pAMZNWEB-DLDDP51H264MP4-BTM_afa1047f19870e4a75a8603037fd0fb11bdfdce0.m3u8"}
[2026-07-05T14:45:31.074Z] Successfully saved playlist file to: C:\StreamVault_Downloads\Obsession20261080pAMZNWEB-DLDDP51H264MP4-BTM_afa1047f19870e4a75a8603037fd0fb11bdfdce0.m3u8
[2026-07-05T14:45:31.075Z] Spawning VLC path: "C:\Program Files\VideoLAN\VLC\vlc.exe" with file: "C:\StreamVault_Downloads\Obsession20261080pAMZNWEB-DLDDP51H264MP4-BTM_afa1047f19870e4a75a8603037fd0fb11bdfdce0.m3u8"
[2026-07-05T14:46:09.637Z] Stream Vault Native Messaging Host stream ended
[2026-07-05T14:46:10.787Z] Stream Vault Native Messaging Host stream ended
[2026-07-05T14:46:10.787Z] Stream Vault Native Messaging Host stream ended
[2026-07-05T14:46:41.031Z] Stream Vault Native Messaging Host started
[2026-07-05T14:46:41.038Z] Received message: {"action":"save_and_play","content":"#EXTM3U\n#EXTINF:-1,Obsession.2026.1080p.AMZN.WEB-DL.DDP5.1.H264.MP4-BTM\nhttp://localhost:3000/api/relay?url=https%3A%2F%2Ftorrserver.ankitgupta.com.np%2Fstream%3Fhash%3Dafa1047f19870e4a75a8603037fd0fb11bdfdce0%26id%3D1\n","folder":"C:\\StreamVault_Downloads","filename":"Obsession20261080pAMZNWEB-DLDDP51H264MP4-BTM_afa1047f19870e4a75a8603037fd0fb11bdfdce0.m3u8"}
[2026-07-05T14:46:41.040Z] Successfully saved playlist file to: C:\StreamVault_Downloads\Obsession20261080pAMZNWEB-DLDDP51H264MP4-BTM_afa1047f19870e4a75a8603037fd0fb11bdfdce0.m3u8
[2026-07-05T14:46:41.041Z] Spawning VLC path: "C:\Program Files\VideoLAN\VLC\vlc.exe" with file: "C:\StreamVault_Downloads\Obsession20261080pAMZNWEB-DLDDP51H264MP4-BTM_afa1047f19870e4a75a8603037fd0fb11bdfdce0.m3u8"
[2026-07-05T14:46:50.089Z] Stream Vault Native Messaging Host stream ended
[2026-07-05T14:51:07.662Z] Stream Vault Native Messaging Host started
[2026-07-05T14:51:07.682Z] Received message: {"action":"ping"}
[2026-07-05T14:53:04.708Z] Stream Vault Native Messaging Host started
[2026-07-05T14:53:04.711Z] Received message: {"action":"save_and_play","content":"#EXTM3U\n#EXTINF:-1,Obsession.2026.1080p.AMZN.WEB-DL.DDP5.1.H264.MP4-BTM\nhttp://192.168.254.13:8090/stream?hash=afa1047f19870e4a75a8603037fd0fb11bdfdce0&id=1\n","folder":"C:\\StreamVault_Downloads","filename":"Obsession20261080pAMZNWEB-DLDDP51H264MP4-BTM_afa1047f19870e4a75a8603037fd0fb11bdfdce0.m3u8"}
[2026-07-05T14:53:04.712Z] Successfully saved playlist file to: C:\StreamVault_Downloads\Obsession20261080pAMZNWEB-DLDDP51H264MP4-BTM_afa1047f19870e4a75a8603037fd0fb11bdfdce0.m3u8
[2026-07-05T14:53:04.712Z] Spawning VLC path: "C:\Program Files\VideoLAN\VLC\vlc.exe" with file: "C:\StreamVault_Downloads\Obsession20261080pAMZNWEB-DLDDP51H264MP4-BTM_afa1047f19870e4a75a8603037fd0fb11bdfdce0.m3u8"
[2026-07-05T14:55:51.982Z] Stream Vault Native Messaging Host stream ended
[2026-07-05T14:56:19.789Z] Stream Vault Native Messaging Host started
[2026-07-05T14:56:19.794Z] Received message: {"action":"save_and_play","content":"#EXTM3U\n#EXTINF:-1,Obsession.2026.1080p.AMZN.WEB-DL.DDP5.1.H264.MP4-BTM\nhttp://192.168.254.13:8090/stream?hash=afa1047f19870e4a75a8603037fd0fb11bdfdce0&id=1\n","folder":"C:\\StreamVault_Downloads","filename":"Obsession20261080pAMZNWEB-DLDDP51H264MP4-BTM_afa1047f19870e4a75a8603037fd0fb11bdfdce0.m3u8"}
[2026-07-05T14:56:19.796Z] Successfully saved playlist file to: C:\StreamVault_Downloads\Obsession20261080pAMZNWEB-DLDDP51H264MP4-BTM_afa1047f19870e4a75a8603037fd0fb11bdfdce0.m3u8
[2026-07-05T14:56:19.796Z] Spawning VLC path: "C:\Program Files\VideoLAN\VLC\vlc.exe" with file: "C:\StreamVault_Downloads\Obsession20261080pAMZNWEB-DLDDP51H264MP4-BTM_afa1047f19870e4a75a8603037fd0fb11bdfdce0.m3u8"
[2026-07-05T14:56:26.795Z] Stream Vault Native Messaging Host stream ended
[2026-07-05T15:00:16.700Z] Stream Vault Native Messaging Host stream ended
[2026-07-05T15:01:41.297Z] Stream Vault Native Messaging Host started
[2026-07-05T15:01:41.303Z] Received message: {"action":"save_and_play","content":"#EXTM3U\n#EXTINF:-1,Obsession.2026.1080p.AMZN.WEB-DL.DDP5.1.H264.MP4-BTM\nhttp://192.168.254.13:8090/stream?hash=afa1047f19870e4a75a8603037fd0fb11bdfdce0&id=1\n","folder":"C:\\StreamVault_Downloads","filename":"Obsession20261080pAMZNWEB-DLDDP51H264MP4-BTM_afa1047f19870e4a75a8603037fd0fb11bdfdce0.m3u8"}
[2026-07-05T15:01:41.306Z] Successfully saved playlist file to: C:\StreamVault_Downloads\Obsession20261080pAMZNWEB-DLDDP51H264MP4-BTM_afa1047f19870e4a75a8603037fd0fb11bdfdce0.m3u8
[2026-07-05T15:01:41.306Z] Spawning VLC path: "C:\Program Files\VideoLAN\VLC\vlc.exe" with file: "C:\StreamVault_Downloads\Obsession20261080pAMZNWEB-DLDDP51H264MP4-BTM_afa1047f19870e4a75a8603037fd0fb11bdfdce0.m3u8"
[2026-07-05T15:01:53.762Z] Stream Vault Native Messaging Host stream ended
[2026-07-05T15:02:39.779Z] Stream Vault Native Messaging Host started
[2026-07-05T15:02:39.784Z] Received message: {"action":"save_and_play","content":"#EXTM3U\n#EXTINF:-1,Obsession.2026.1080p.TELESYNC.x264-UNiON\nhttp://192.168.254.13:8090/stream?hash=6aec96170d34e54879bb00b8e2dfcc4577e86f75&id=1\n","folder":"C:\\StreamVault_Downloads","filename":"Obsession20261080pTELESYNCx264-UNiON_6aec96170d34e54879bb00b8e2dfcc4577e86f75.m3u8"}
[2026-07-05T15:02:39.800Z] Successfully saved playlist file to: C:\StreamVault_Downloads\Obsession20261080pTELESYNCx264-UNiON_6aec96170d34e54879bb00b8e2dfcc4577e86f75.m3u8
[2026-07-05T15:02:39.801Z] Spawning VLC path: "C:\Program Files\VideoLAN\VLC\vlc.exe" with file: "C:\StreamVault_Downloads\Obsession20261080pTELESYNCx264-UNiON_6aec96170d34e54879bb00b8e2dfcc4577e86f75.m3u8"
[2026-07-05T15:05:10.455Z] Stream Vault Native Messaging Host stream ended
[2026-07-05T15:05:33.666Z] Stream Vault Native Messaging Host started
[2026-07-05T15:05:33.670Z] Received message: {"action":"save_and_play","content":"#EXTM3U\n#EXTINF:-1,Obsession.2026.1080p.AMZN.WEB-DL.DDP5.1.H264.MP4-BTM\nhttp://192.168.254.13:8090/stream?hash=afa1047f19870e4a75a8603037fd0fb11bdfdce0&id=1\n","folder":"C:\\StreamVault_Downloads","filename":"Obsession20261080pAMZNWEB-DLDDP51H264MP4-BTM_afa1047f19870e4a75a8603037fd0fb11bdfdce0.m3u8"}
[2026-07-05T15:05:33.672Z] Successfully saved playlist file to: C:\StreamVault_Downloads\Obsession20261080pAMZNWEB-DLDDP51H264MP4-BTM_afa1047f19870e4a75a8603037fd0fb11bdfdce0.m3u8
[2026-07-05T15:05:33.672Z] Spawning VLC path: "C:\Program Files\VideoLAN\VLC\vlc.exe" with file: "C:\StreamVault_Downloads\Obsession20261080pAMZNWEB-DLDDP51H264MP4-BTM_afa1047f19870e4a75a8603037fd0fb11bdfdce0.m3u8"
[2026-07-05T15:05:46.381Z] Stream Vault Native Messaging Host stream ended
[2026-07-05T15:06:50.606Z] Stream Vault Native Messaging Host started
[2026-07-05T15:06:50.613Z] Received message: {"action":"save_and_play","content":"#EXTM3U\n#EXTINF:-1,Obsession.2026.1080p.AMZN.WEB-DL.DDP5.1.H264.MP4-BTM\nhttp://192.168.254.13:8090/stream?link=afa1047f19870e4a75a8603037fd0fb11bdfdce0&index=1&play\n","folder":"C:\\StreamVault_Downloads","filename":"Obsession20261080pAMZNWEB-DLDDP51H264MP4-BTM_afa1047f19870e4a75a8603037fd0fb11bdfdce0.m3u8"}
[2026-07-05T15:06:50.614Z] Successfully saved playlist file to: C:\StreamVault_Downloads\Obsession20261080pAMZNWEB-DLDDP51H264MP4-BTM_afa1047f19870e4a75a8603037fd0fb11bdfdce0.m3u8
[2026-07-05T15:06:50.615Z] Spawning VLC path: "C:\Program Files\VideoLAN\VLC\vlc.exe" with file: "C:\StreamVault_Downloads\Obsession20261080pAMZNWEB-DLDDP51H264MP4-BTM_afa1047f19870e4a75a8603037fd0fb11bdfdce0.m3u8"
[2026-07-05T15:08:38.353Z] Stream Vault Native Messaging Host stream ended
[2026-07-05T15:10:05.773Z] Stream Vault Native Messaging Host started
[2026-07-05T15:10:05.778Z] Received message: {"action":"save_and_play","content":"#EXTM3U\n#EXTINF:-1,Backrooms 2026 1080p HDRip HEVC x265 BONE\nhttp://localhost:3000/api/relay?url=https%3A%2F%2Ftorrserver.ankitgupta.com.np%2Fstream%3Flink%3D633894b8378e4837dc551394c0637a35eb909c99%26index%3D1%26play\n","folder":"C:\\StreamVault_Downloads","filename":"Backrooms 2026 1080p HDRip HEVC x265 BONE_633894b8378e4837dc551394c0637a35eb909c99.m3u8"}
[2026-07-05T15:10:05.779Z] Successfully saved playlist file to: C:\StreamVault_Downloads\Backrooms 2026 1080p HDRip HEVC x265 BONE_633894b8378e4837dc551394c0637a35eb909c99.m3u8
[2026-07-05T15:10:05.779Z] Spawning VLC path: "C:\Program Files\VideoLAN\VLC\vlc.exe" with file: "C:\StreamVault_Downloads\Backrooms 2026 1080p HDRip HEVC x265 BONE_633894b8378e4837dc551394c0637a35eb909c99.m3u8"
[2026-07-05T15:13:30.070Z] Stream Vault Native Messaging Host stream ended
[2026-07-05T15:15:18.234Z] Stream Vault Native Messaging Host started
[2026-07-05T15:15:18.262Z] Received message: {"action":"save_and_play","content":"#EXTM3U\n#EXTINF:-1,Michael (2026) [1080p] [WEBRip] [5.1] \nhttp://localhost:3000/api/relay?url=https%3A%2F%2Ftorrserver.ankitgupta.com.np%2Fstream%3Flink%3Dce9b006a3233d944b15b92a53869f82b1a2db36a%26index%3D1%26play\n","folder":"C:\\StreamVault_Downloads","filename":"Michael 2026 1080p WEBRip 51_ce9b006a3233d944b15b92a53869f82b1a2db36a.m3u8"}
[2026-07-05T15:15:18.267Z] Successfully saved playlist file to: C:\StreamVault_Downloads\Michael 2026 1080p WEBRip 51_ce9b006a3233d944b15b92a53869f82b1a2db36a.m3u8
[2026-07-05T15:15:18.267Z] Spawning VLC path: "C:\Program Files\VideoLAN\VLC\vlc.exe" with file: "C:\StreamVault_Downloads\Michael 2026 1080p WEBRip 51_ce9b006a3233d944b15b92a53869f82b1a2db36a.m3u8"
[2026-07-05T15:16:12.757Z] Stream Vault Native Messaging Host stream ended
[2026-07-05T15:17:20.615Z] Stream Vault Native Messaging Host started
[2026-07-05T15:17:20.619Z] Received message: {"action":"save_and_play","content":"#EXTM3U\n#EXTINF:-1,Obsession.2026.1080p.AMZN.WEB-DL.DDP5.1.H264.MP4-BTM\nhttp://localhost:3000/api/relay?url=https%3A%2F%2Ftorrserver.ankitgupta.com.np%2Fstream%3Flink%3Dafa1047f19870e4a75a8603037fd0fb11bdfdce0%26index%3D1%26play\n","folder":"C:\\StreamVault_Downloads","filename":"Obsession20261080pAMZNWEB-DLDDP51H264MP4-BTM_afa1047f19870e4a75a8603037fd0fb11bdfdce0.m3u8"}
[2026-07-05T15:17:20.620Z] Successfully saved playlist file to: C:\StreamVault_Downloads\Obsession20261080pAMZNWEB-DLDDP51H264MP4-BTM_afa1047f19870e4a75a8603037fd0fb11bdfdce0.m3u8
[2026-07-05T15:17:20.620Z] Spawning VLC path: "C:\Program Files\VideoLAN\VLC\vlc.exe" with file: "C:\StreamVault_Downloads\Obsession20261080pAMZNWEB-DLDDP51H264MP4-BTM_afa1047f19870e4a75a8603037fd0fb11bdfdce0.m3u8"
[2026-07-05T15:17:27.747Z] Stream Vault Native Messaging Host stream ended
[2026-07-05T15:21:57.725Z] Stream Vault Native Messaging Host started
[2026-07-05T15:21:57.728Z] Received message: {"action":"save_and_play","content":"#EXTM3U\n#EXTINF:-1,Enola.Holmes.3.2026.1080p.WEBRip.10Bit.DDP5.1.x265-NeoNoir\nhttp://localhost:3000/api/relay?url=https%3A%2F%2Ftorrserver.ankitgupta.com.np%2Fstream%3Flink%3Dc4d3b447be6f5ce90567bf4725764eae424550c2%26index%3D1%26play\n","folder":"C:\\StreamVault_Downloads","filename":"EnolaHolmes320261080pWEBRip10BitDDP51x265-NeoNoir_c4d3b447be6f5ce90567bf4725764eae424550c2.m3u8"}
[2026-07-05T15:21:57.731Z] Successfully saved playlist file to: C:\StreamVault_Downloads\EnolaHolmes320261080pWEBRip10BitDDP51x265-NeoNoir_c4d3b447be6f5ce90567bf4725764eae424550c2.m3u8
[2026-07-05T15:21:57.731Z] Spawning VLC path: "C:\Program Files\VideoLAN\VLC\vlc.exe" with file: "C:\StreamVault_Downloads\EnolaHolmes320261080pWEBRip10BitDDP51x265-NeoNoir_c4d3b447be6f5ce90567bf4725764eae424550c2.m3u8"
[2026-07-05T15:22:03.216Z] Stream Vault Native Messaging Host stream ended
[2026-07-05T16:18:53.112Z] Stream Vault Native Messaging Host started
[2026-07-05T16:18:53.116Z] Received message: {"action":"ping"}
[2026-07-05T16:19:01.713Z] Stream Vault Native Messaging Host started
[2026-07-05T16:19:01.716Z] Received message: {"action":"ping"}
[2026-07-05T16:19:08.071Z] Stream Vault Native Messaging Host started
[2026-07-05T16:19:08.075Z] Received message: {"action":"ping"}
[2026-07-05T16:19:12.961Z] Stream Vault Native Messaging Host stream ended
[2026-07-05T16:21:33.020Z] Stream Vault Native Messaging Host stream ended
[2026-07-05T16:21:33.020Z] Stream Vault Native Messaging Host stream ended
[2026-07-06T01:15:59.873Z] Stream Vault Native Messaging Host started
[2026-07-06T01:15:59.896Z] Received message: {"action":"ping"}
[2026-07-06T01:17:53.386Z] Stream Vault Native Messaging Host started
[2026-07-06T01:17:53.389Z] Received message: {"action":"ping"}
[2026-07-06T01:18:13.690Z] Stream Vault Native Messaging Host started
[2026-07-06T01:18:13.693Z] Received message: {"action":"ping"}
[2026-07-06T01:19:10.110Z] Stream Vault Native Messaging Host started
[2026-07-06T01:19:10.113Z] Received message: {"action":"save_and_play","content":"#EXTM3U\n#EXTINF:-1,Obsession.2026.1080p.AMZN.WEB-DL.DDP5.1.H264.MP4-BTM\nhttp://localhost:3000/api/relay?url=https%3A%2F%2Ftorrserver.ankitgupta.com.np%2Fstream%3Flink%3Dafa1047f19870e4a75a8603037fd0fb11bdfdce0%26index%3D1%26play\n","folder":"C:\\StreamVault_Downloads","filename":"Obsession20261080pAMZNWEB-DLDDP51H264MP4-BTM_afa1047f19870e4a75a8603037fd0fb11bdfdce0.m3u8"}
[2026-07-06T01:19:10.117Z] Successfully saved playlist file to: C:\StreamVault_Downloads\Obsession20261080pAMZNWEB-DLDDP51H264MP4-BTM_afa1047f19870e4a75a8603037fd0fb11bdfdce0.m3u8
[2026-07-06T01:19:10.117Z] Spawning VLC path: "C:\Program Files\VideoLAN\VLC\vlc.exe" with file: "C:\StreamVault_Downloads\Obsession20261080pAMZNWEB-DLDDP51H264MP4-BTM_afa1047f19870e4a75a8603037fd0fb11bdfdce0.m3u8"
[2026-07-06T01:21:52.750Z] Stream Vault Native Messaging Host stream ended
[2026-07-06T01:21:52.750Z] Stream Vault Native Messaging Host stream ended
[2026-07-06T01:22:33.080Z] Stream Vault Native Messaging Host started
[2026-07-06T01:22:33.083Z] Received message: {"action":"save_and_play","content":"#EXTM3U\n#EXTINF:-1,Obsession.2026.1080p.AMZN.WEB-DL.DDP5.1.H264.MP4-BTM\nhttps://moviewatch.ankitgupta.com.np/api/relay?url=https%3A%2F%2Ftorrserver.ankitgupta.com.np%2Fstream%3Flink%3Dafa1047f19870e4a75a8603037fd0fb11bdfdce0%26index%3D1%26play\n","folder":"C:\\StreamVault_Downloads","filename":"Obsession20261080pAMZNWEB-DLDDP51H264MP4-BTM_afa1047f19870e4a75a8603037fd0fb11bdfdce0.m3u8"}
[2026-07-06T01:22:33.084Z] Successfully saved playlist file to: C:\StreamVault_Downloads\Obsession20261080pAMZNWEB-DLDDP51H264MP4-BTM_afa1047f19870e4a75a8603037fd0fb11bdfdce0.m3u8
[2026-07-06T01:22:33.085Z] Spawning VLC path: "C:\Program Files\VideoLAN\VLC\vlc.exe" with file: "C:\StreamVault_Downloads\Obsession20261080pAMZNWEB-DLDDP51H264MP4-BTM_afa1047f19870e4a75a8603037fd0fb11bdfdce0.m3u8"
[2026-07-06T01:22:58.715Z] Stream Vault Native Messaging Host started
[2026-07-06T01:22:58.717Z] Received message: {"action":"save_and_play","content":"#EXTM3U\n#EXTINF:-1,Obsession.2026.1080p.AMZN.WEB-DL.DDP5.1.H264.MP4-BTM\nhttps://moviewatch.ankitgupta.com.np/api/relay?url=https%3A%2F%2Ftorrserver.ankitgupta.com.np%2Fstream%3Flink%3Dafa1047f19870e4a75a8603037fd0fb11bdfdce0%26index%3D1%26play\n","folder":"C:\\StreamVault_Downloads","filename":"Obsession20261080pAMZNWEB-DLDDP51H264MP4-BTM_afa1047f19870e4a75a8603037fd0fb11bdfdce0.m3u8"}
[2026-07-06T01:22:58.718Z] Successfully saved playlist file to: C:\StreamVault_Downloads\Obsession20261080pAMZNWEB-DLDDP51H264MP4-BTM_afa1047f19870e4a75a8603037fd0fb11bdfdce0.m3u8
[2026-07-06T01:22:58.719Z] Spawning VLC path: "C:\Program Files\VideoLAN\VLC\vlc.exe" with file: "C:\StreamVault_Downloads\Obsession20261080pAMZNWEB-DLDDP51H264MP4-BTM_afa1047f19870e4a75a8603037fd0fb11bdfdce0.m3u8"
[2026-07-06T01:23:04.280Z] Stream Vault Native Messaging Host started
[2026-07-06T01:23:04.283Z] Received message: {"action":"save_and_play","content":"#EXTM3U\n#EXTINF:-1,Obsession.2026.1080p.AMZN.WEB-DL.DDP5.1.H264.MP4-BTM\nhttps://moviewatch.ankitgupta.com.np/api/relay?url=https%3A%2F%2Ftorrserver.ankitgupta.com.np%2Fstream%3Flink%3Dafa1047f19870e4a75a8603037fd0fb11bdfdce0%26index%3D1%26play\n","folder":"C:\\StreamVault_Downloads","filename":"Obsession20261080pAMZNWEB-DLDDP51H264MP4-BTM_afa1047f19870e4a75a8603037fd0fb11bdfdce0.m3u8"}
[2026-07-06T01:23:04.284Z] Successfully saved playlist file to: C:\StreamVault_Downloads\Obsession20261080pAMZNWEB-DLDDP51H264MP4-BTM_afa1047f19870e4a75a8603037fd0fb11bdfdce0.m3u8
[2026-07-06T01:23:04.285Z] Spawning VLC path: "C:\Program Files\VideoLAN\VLC\vlc.exe" with file: "C:\StreamVault_Downloads\Obsession20261080pAMZNWEB-DLDDP51H264MP4-BTM_afa1047f19870e4a75a8603037fd0fb11bdfdce0.m3u8"
[2026-07-06T01:23:12.283Z] Stream Vault Native Messaging Host stream ended
[2026-07-06T01:23:12.283Z] Stream Vault Native Messaging Host stream ended
[2026-07-06T01:23:12.283Z] Stream Vault Native Messaging Host stream ended
[2026-07-06T01:24:41.643Z] Stream Vault Native Messaging Host started
[2026-07-06T01:24:41.646Z] Received message: {"action":"save_and_play","content":"#EXTM3U\n#EXTINF:-1,Obsession.2026.1080p.AMZN.WEB-DL.DDP5.1.H264.MP4-BTM\nhttps://moviewatch.ankitgupta.com.np/api/relay?url=https%3A%2F%2Ftorrserver.ankitgupta.com.np%2Fstream%3Flink%3Dafa1047f19870e4a75a8603037fd0fb11bdfdce0%26index%3D1%26play\n","folder":"C:\\StreamVault_Downloads","filename":"Obsession20261080pAMZNWEB-DLDDP51H264MP4-BTM_afa1047f19870e4a75a8603037fd0fb11bdfdce0.m3u8"}
[2026-07-06T01:24:41.648Z] Successfully saved playlist file to: C:\StreamVault_Downloads\Obsession20261080pAMZNWEB-DLDDP51H264MP4-BTM_afa1047f19870e4a75a8603037fd0fb11bdfdce0.m3u8
[2026-07-06T01:24:41.648Z] Spawning VLC path: "C:\Program Files\VideoLAN\VLC\vlc.exe" with file: "C:\StreamVault_Downloads\Obsession20261080pAMZNWEB-DLDDP51H264MP4-BTM_afa1047f19870e4a75a8603037fd0fb11bdfdce0.m3u8"
[2026-07-06T01:24:53.820Z] Stream Vault Native Messaging Host stream ended
[2026-07-06T01:25:21.030Z] Stream Vault Native Messaging Host stream ended
[2026-07-06T01:31:38.617Z] Stream Vault Native Messaging Host stream ended
[2026-07-06T03:25:07.764Z] Stream Vault Native Messaging Host started
[2026-07-06T03:25:07.862Z] Received message: {"action":"ping"}
[2026-07-06T03:25:10.595Z] Stream Vault Native Messaging Host started
[2026-07-06T03:25:10.597Z] Received message: {"action":"ping"}
[2026-07-06T03:25:11.472Z] Stream Vault Native Messaging Host stream ended
[2026-07-06T03:25:11.473Z] Stream Vault Native Messaging Host stream ended
[2026-07-06T03:40:09.210Z] Stream Vault Native Messaging Host started
[2026-07-06T03:40:09.213Z] Received message: {"action":"save_and_play","content":"#EXTM3U\n#EXTINF:-1,Obsession.2026.1080p.AMZN.WEB-DL.DDP5.1.H264.MP4-BTM\nhttp://127.0.0.1:3000/api/webtorrent/stream?magnet=magnet%3A%3Fxt%3Durn%3Abtih%3AAFA1047F19870E4A75A8603037FD0FB11BDFDCE0%26dn%3DObsession.2026.1080p.AMZN.WEB-DL.DDP5.1.H264.MP4-BTM%26tr%3Dudp%253A%252F%252Ftracker.opentrackr.org%253A1337%252Fannounce%26tr%3Dudp%253A%252F%252Ftracker.coppersurfer.tk%253A6969%252Fannounce%26tr%3Dudp%253A%252F%252Ftracker.openbittorrent.com%253A80%252Fannounce%26tr%3Dudp%253A%252F%252Fopen.demonii.com%253A1337%252Fannounce%26tr%3Dudp%253A%252F%252Ftracker.torrent.eu.org%253A451%252Fannounce%26tr%3Dudp%253A%252F%252Fexplodie.org%253A6969%252Fannounce&fileId=0\n","folder":"C:\\StreamVault_Downloads","filename":"Obsession20261080pAMZNWEB-DLDDP51H264MP4-BTM_afa1047f19870e4a75a8603037fd0fb11bdfdce0.m3u8"}
[2026-07-06T03:40:09.214Z] Successfully saved playlist file to: C:\StreamVault_Downloads\Obsession20261080pAMZNWEB-DLDDP51H264MP4-BTM_afa1047f19870e4a75a8603037fd0fb11bdfdce0.m3u8
[2026-07-06T03:40:09.215Z] Spawning VLC path: "C:\Program Files\VideoLAN\VLC\vlc.exe" with file: "C:\StreamVault_Downloads\Obsession20261080pAMZNWEB-DLDDP51H264MP4-BTM_afa1047f19870e4a75a8603037fd0fb11bdfdce0.m3u8"
[2026-07-06T03:41:53.730Z] Stream Vault Native Messaging Host stream ended
[2026-07-06T04:00:49.944Z] Stream Vault Native Messaging Host started
[2026-07-06T04:00:49.956Z] Received message: {"action":"save_and_play","content":"#EXTM3U\n#EXTINF:-1,Obsession.2026.1080p.AMZN.WEB-DL.DDP5.1.H264.MP4-BTM\nhttp://127.0.0.1:3000/api/webtorrent/stream?magnet=magnet%3A%3Fxt%3Durn%3Abtih%3AAFA1047F19870E4A75A8603037FD0FB11BDFDCE0%26dn%3DObsession.2026.1080p.AMZN.WEB-DL.DDP5.1.H264.MP4-BTM%26tr%3Dudp%253A%252F%252Ftracker.opentrackr.org%253A1337%252Fannounce%26tr%3Dudp%253A%252F%252Ftracker.coppersurfer.tk%253A6969%252Fannounce%26tr%3Dudp%253A%252F%252Ftracker.openbittorrent.com%253A80%252Fannounce%26tr%3Dudp%253A%252F%252Fopen.demonii.com%253A1337%252Fannounce%26tr%3Dudp%253A%252F%252Ftracker.torrent.eu.org%253A451%252Fannounce%26tr%3Dudp%253A%252F%252Fexplodie.org%253A6969%252Fannounce&fileId=0\n","folder":"C:\\StreamVault_Downloads","filename":"Obsession20261080pAMZNWEB-DLDDP51H264MP4-BTM_afa1047f19870e4a75a8603037fd0fb11bdfdce0.m3u8"}
[2026-07-06T04:00:49.959Z] Successfully saved playlist file to: C:\StreamVault_Downloads\Obsession20261080pAMZNWEB-DLDDP51H264MP4-BTM_afa1047f19870e4a75a8603037fd0fb11bdfdce0.m3u8
[2026-07-06T04:00:50.014Z] Spawning VLC path: "C:\Program Files\VideoLAN\VLC\vlc.exe" with file: "C:\StreamVault_Downloads\Obsession20261080pAMZNWEB-DLDDP51H264MP4-BTM_afa1047f19870e4a75a8603037fd0fb11bdfdce0.m3u8"
[2026-07-06T04:01:05.381Z] Stream Vault Native Messaging Host stream ended
[2026-07-06T04:04:34.894Z] Stream Vault Native Messaging Host started
[2026-07-06T04:04:35.236Z] Received message: {"action":"save_and_play","content":"#EXTM3U\n#EXTINF:-1,Obsession.2026.1080p.AMZN.WEB-DL.DDP5.1.H264.MP4-BTM\nhttps://moviewatch.ankitgupta.com.np/api/relay?url=https%3A%2F%2Ftorrserver.ankitgupta.com.npF%2Fstream%3Flink%3Dafa1047f19870e4a75a8603037fd0fb11bdfdce0%26index%3D1%26play\n","folder":"C:\\StreamVault_Downloads","filename":"Obsession20261080pAMZNWEB-DLDDP51H264MP4-BTM_afa1047f19870e4a75a8603037fd0fb11bdfdce0.m3u8"}
[2026-07-06T04:04:35.237Z] Successfully saved playlist file to: C:\StreamVault_Downloads\Obsession20261080pAMZNWEB-DLDDP51H264MP4-BTM_afa1047f19870e4a75a8603037fd0fb11bdfdce0.m3u8
[2026-07-06T04:04:35.238Z] Spawning VLC path: "C:\Program Files\VideoLAN\VLC\vlc.exe" with file: "C:\StreamVault_Downloads\Obsession20261080pAMZNWEB-DLDDP51H264MP4-BTM_afa1047f19870e4a75a8603037fd0fb11bdfdce0.m3u8"
[2026-07-06T04:04:38.315Z] Stream Vault Native Messaging Host stream ended
[2026-07-06T04:05:55.869Z] Stream Vault Native Messaging Host started
[2026-07-06T04:05:55.872Z] Received message: {"action":"save_and_play","content":"#EXTM3U\n#EXTINF:-1,Obsession.2026.1080p.AMZN.WEB-DL.DDP5.1.H264.MP4-BTM\nhttps://moviewatch.ankitgupta.com.np/api/relay?url=https%3A%2F%2Ftorrserver.ankitgupta.com.np%2Fstream%3Flink%3Dafa1047f19870e4a75a8603037fd0fb11bdfdce0%26index%3D1%26play\n","folder":"C:\\StreamVault_Downloads","filename":"Obsession20261080pAMZNWEB-DLDDP51H264MP4-BTM_afa1047f19870e4a75a8603037fd0fb11bdfdce0.m3u8"}
[2026-07-06T04:05:55.873Z] Successfully saved playlist file to: C:\StreamVault_Downloads\Obsession20261080pAMZNWEB-DLDDP51H264MP4-BTM_afa1047f19870e4a75a8603037fd0fb11bdfdce0.m3u8
[2026-07-06T04:05:55.873Z] Spawning VLC path: "C:\Program Files\VideoLAN\VLC\vlc.exe" with file: "C:\StreamVault_Downloads\Obsession20261080pAMZNWEB-DLDDP51H264MP4-BTM_afa1047f19870e4a75a8603037fd0fb11bdfdce0.m3u8"
[2026-07-06T04:05:57.925Z] Stream Vault Native Messaging Host stream ended
[2026-07-06T04:08:25.890Z] Stream Vault Native Messaging Host started
[2026-07-06T04:08:25.893Z] Received message: {"action":"save_and_play","content":"#EXTM3U\n#EXTINF:-1,Obsession.2026.1080p.AMZN.WEB-DL.DDP5.1.H264.MP4-BTM\nhttps://moviewatch.ankitgupta.com.np/api/relay?url=https%3A%2F%2Ftorrserver.ankitgupta.com.np%2Fstream%3Flink%3Dafa1047f19870e4a75a8603037fd0fb11bdfdce0%26index%3D1%26play\n","folder":"C:\\StreamVault_Downloads","filename":"Obsession20261080pAMZNWEB-DLDDP51H264MP4-BTM_afa1047f19870e4a75a8603037fd0fb11bdfdce0.m3u8"}
[2026-07-06T04:08:25.894Z] Successfully saved playlist file to: C:\StreamVault_Downloads\Obsession20261080pAMZNWEB-DLDDP51H264MP4-BTM_afa1047f19870e4a75a8603037fd0fb11bdfdce0.m3u8
[2026-07-06T04:08:25.894Z] Spawning VLC path: "C:\Program Files\VideoLAN\VLC\vlc.exe" with file: "C:\StreamVault_Downloads\Obsession20261080pAMZNWEB-DLDDP51H264MP4-BTM_afa1047f19870e4a75a8603037fd0fb11bdfdce0.m3u8"
[2026-07-06T04:09:18.160Z] Stream Vault Native Messaging Host stream ended
[2026-07-06T04:17:51.607Z] Stream Vault Native Messaging Host started
[2026-07-06T04:17:51.609Z] Received message: {"action":"save_and_play","content":"#EXTM3U\n#EXTINF:-1,The Devil Wears Prada 2 (2026) [1080p] [WEBRip] [5.1]\nhttps://moviewatch.ankitgupta.com.np/api/relay?url=https%3A%2F%2Ftorrserver.ankitgupta.com.np%2Fstream%3Flink%3Db4377cc6a417fb1eaba404118c8f031a12027653%26index%3D7%26play\n","folder":"C:\\StreamVault_Downloads","filename":"The Devil Wears Prada 2 2026 1080p WEBRip 51_b4377cc6a417fb1eaba404118c8f031a12027653.m3u8"}
[2026-07-06T04:17:51.610Z] Successfully saved playlist file to: C:\StreamVault_Downloads\The Devil Wears Prada 2 2026 1080p WEBRip 51_b4377cc6a417fb1eaba404118c8f031a12027653.m3u8
[2026-07-06T04:17:51.611Z] Spawning VLC path: "C:\Program Files\VideoLAN\VLC\vlc.exe" with file: "C:\StreamVault_Downloads\The Devil Wears Prada 2 2026 1080p WEBRip 51_b4377cc6a417fb1eaba404118c8f031a12027653.m3u8"
[2026-07-06T04:18:31.090Z] Stream Vault Native Messaging Host stream ended
[2026-07-06T04:19:19.744Z] Stream Vault Native Messaging Host started
[2026-07-06T04:19:19.746Z] Received message: {"action":"save_and_play","content":"#EXTM3U\n#EXTINF:-1,The Devil Wears Prada 2 (2026) [1080p] [WEBRip] [5.1]\nhttps://moviewatch.ankitgupta.com.np/api/relay?url=https%3A%2F%2Ftorrserver.ankitgupta.com.np%2Fstream%3Flink%3Db4377cc6a417fb1eaba404118c8f031a12027653%26index%3D7%26play\n","folder":"C:\\StreamVault_Downloads","filename":"The Devil Wears Prada 2 2026 1080p WEBRip 51_b4377cc6a417fb1eaba404118c8f031a12027653.m3u8"}
[2026-07-06T04:19:19.747Z] Successfully saved playlist file to: C:\StreamVault_Downloads\The Devil Wears Prada 2 2026 1080p WEBRip 51_b4377cc6a417fb1eaba404118c8f031a12027653.m3u8
[2026-07-06T04:19:19.748Z] Spawning VLC path: "C:\Program Files\VideoLAN\VLC\vlc.exe" with file: "C:\StreamVault_Downloads\The Devil Wears Prada 2 2026 1080p WEBRip 51_b4377cc6a417fb1eaba404118c8f031a12027653.m3u8"
[2026-07-06T04:19:24.623Z] Stream Vault Native Messaging Host stream ended
[2026-07-06T04:28:41.832Z] Stream Vault Native Messaging Host started
[2026-07-06T04:28:41.834Z] Received message: {"action":"save_and_play","content":"#EXTM3U\n#EXTINF:-1,[Anime Time] Attack On Titan (Complete Collection) (S01-S04+OVA+Movies+Junior High) [BD] [Dual Audio][1080p][HEVC 10bit x265][AAC][Eng Sub] [Batch] (Shingeki no Kyojin)\nhttps://moviewatch.ankitgupta.com.np/api/relay?url=https%3A%2F%2Ftorrserver.ankitgupta.com.np%2Fstream%3Flink%3Dbf173e6d9c99744084888579d8751bd301c03a5d%26index%3D1%26play\n","folder":"C:\\StreamVault_Downloads","filename":"Anime Time Attack On Titan Complete Collection S01-S04OVAMoviesJunior High BD Dual Audio1080pHEVC 10bit x265AACEng Sub Batch Shingeki no Kyojin_bf173e6d9c99744084888579d8751bd301c03a5d.m3u8"}
[2026-07-06T04:28:41.836Z] Successfully saved playlist file to: C:\StreamVault_Downloads\Anime Time Attack On Titan Complete Collection S01-S04OVAMoviesJunior High BD Dual Audio1080pHEVC 10bit x265AACEng Sub Batch Shingeki no Kyojin_bf173e6d9c99744084888579d8751bd301c03a5d.m3u8
[2026-07-06T04:28:41.836Z] Spawning VLC path: "C:\Program Files\VideoLAN\VLC\vlc.exe" with file: "C:\StreamVault_Downloads\Anime Time Attack On Titan Complete Collection S01-S04OVAMoviesJunior High BD Dual Audio1080pHEVC 10bit x265AACEng Sub Batch Shingeki no Kyojin_bf173e6d9c99744084888579d8751bd301c03a5d.m3u8"
[2026-07-06T04:30:47.651Z] Stream Vault Native Messaging Host stream ended
[2026-07-06T04:39:43.920Z] Stream Vault Native Messaging Host started
[2026-07-06T04:39:43.923Z] Received message: {"action":"save_and_play","content":"#EXTM3U\n#EXTINF:-1,Obsession.2026.1080p.AMZN.WEB-DL.DDP5.1.H264.MP4-BTM\nhttps://moviewatch.ankitgupta.com.np/api/relay?url=https%3A%2F%2Ftorrserver.ankitgupta.com.np%2Fstream%3Flink%3Dafa1047f19870e4a75a8603037fd0fb11bdfdce0%26index%3D1%26play\n","folder":"C:\\StreamVault_Downloads","filename":"Obsession20261080pAMZNWEB-DLDDP51H264MP4-BTM_afa1047f19870e4a75a8603037fd0fb11bdfdce0.m3u8"}
[2026-07-06T04:39:43.924Z] Successfully saved playlist file to: C:\StreamVault_Downloads\Obsession20261080pAMZNWEB-DLDDP51H264MP4-BTM_afa1047f19870e4a75a8603037fd0fb11bdfdce0.m3u8
[2026-07-06T04:39:43.925Z] Spawning VLC path: "C:\Program Files\VideoLAN\VLC\vlc.exe" with file: "C:\StreamVault_Downloads\Obsession20261080pAMZNWEB-DLDDP51H264MP4-BTM_afa1047f19870e4a75a8603037fd0fb11bdfdce0.m3u8"
[2026-07-06T04:40:06.511Z] Stream Vault Native Messaging Host stream ended
[2026-07-06T04:40:06.602Z] Stream Vault Native Messaging Host started
[2026-07-06T04:40:06.605Z] Received message: {"action":"ping"}
[2026-07-06T04:40:52.801Z] Stream Vault Native Messaging Host started
[2026-07-06T04:40:52.804Z] Received message: {"action":"save_and_play","content":"#EXTM3U\n#EXTINF:-1,Obsession.2026.1080p.AMZN.WEB-DL.DDP5.1.H264.MP4-BTM\nhttps://moviewatch.ankitgupta.com.np/api/relay?url=https%3A%2F%2Ftorrserver.ankitgupta.com.np%2Fstream%3Flink%3Dafa1047f19870e4a75a8603037fd0fb11bdfdce0%26index%3D1%26play\n","folder":"C:\\StreamVault_Downloads","filename":"Obsession20261080pAMZNWEB-DLDDP51H264MP4-BTM_afa1047f19870e4a75a8603037fd0fb11bdfdce0.m3u8"}
[2026-07-06T04:40:52.805Z] Successfully saved playlist file to: C:\StreamVault_Downloads\Obsession20261080pAMZNWEB-DLDDP51H264MP4-BTM_afa1047f19870e4a75a8603037fd0fb11bdfdce0.m3u8
[2026-07-06T04:40:52.805Z] Spawning VLC path: "C:\Program Files\VideoLAN\VLC\vlc.exe" with file: "C:\StreamVault_Downloads\Obsession20261080pAMZNWEB-DLDDP51H264MP4-BTM_afa1047f19870e4a75a8603037fd0fb11bdfdce0.m3u8"
[2026-07-06T04:41:07.678Z] Stream Vault Native Messaging Host stream ended
[2026-07-06T04:52:18.464Z] Stream Vault Native Messaging Host started
[2026-07-06T04:52:18.466Z] Received message: {"action":"save_and_play","content":"#EXTM3U\n#EXTINF:-1,Obsession.2026.1080p.AMZN.WEB-DL.DDP5.1.H264.MP4-BTM\nhttps://moviewatch.ankitgupta.com.np/api/relay?url=https%3A%2F%2Ftorrserver.ankitgupta.com.np%2Fstream%3Flink%3Dafa1047f19870e4a75a8603037fd0fb11bdfdce0%26index%3D1%26play\n","folder":"C:\\StreamVault_Downloads","filename":"Obsession20261080pAMZNWEB-DLDDP51H264MP4-BTM_afa1047f19870e4a75a8603037fd0fb11bdfdce0.m3u8"}
[2026-07-06T04:52:18.467Z] Successfully saved playlist file to: C:\StreamVault_Downloads\Obsession20261080pAMZNWEB-DLDDP51H264MP4-BTM_afa1047f19870e4a75a8603037fd0fb11bdfdce0.m3u8
[2026-07-06T04:52:18.467Z] Spawning VLC path: "C:\Program Files\VideoLAN\VLC\vlc.exe" with file: "C:\StreamVault_Downloads\Obsession20261080pAMZNWEB-DLDDP51H264MP4-BTM_afa1047f19870e4a75a8603037fd0fb11bdfdce0.m3u8"
[2026-07-06T04:54:13.873Z] Stream Vault Native Messaging Host stream ended
[2026-07-06T04:55:47.928Z] Stream Vault Native Messaging Host started
[2026-07-06T04:55:47.931Z] Received message: {"action":"save_and_play","content":"#EXTM3U\n#EXTINF:-1,Obsession.2026.1080p.AMZN.WEB-DL.DDP5.1.H264.MP4-BTM\nhttps://moviewatch.ankitgupta.com.np/api/relay?url=https%3A%2F%2Ftorrserver.ankitgupta.com.np%2Fstream%3Flink%3Dafa1047f19870e4a75a8603037fd0fb11bdfdce0%26index%3D1%26play\n","folder":"C:\\StreamVault_Downloads","filename":"Obsession20261080pAMZNWEB-DLDDP51H264MP4-BTM_afa1047f19870e4a75a8603037fd0fb11bdfdce0.m3u8"}
[2026-07-06T04:55:47.932Z] Successfully saved playlist file to: C:\StreamVault_Downloads\Obsession20261080pAMZNWEB-DLDDP51H264MP4-BTM_afa1047f19870e4a75a8603037fd0fb11bdfdce0.m3u8
[2026-07-06T04:55:47.932Z] Spawning VLC path: "C:\Program Files\VideoLAN\VLC\vlc.exe" with file: "C:\StreamVault_Downloads\Obsession20261080pAMZNWEB-DLDDP51H264MP4-BTM_afa1047f19870e4a75a8603037fd0fb11bdfdce0.m3u8"
[2026-07-06T04:56:50.430Z] Stream Vault Native Messaging Host started
[2026-07-06T04:56:50.433Z] Received message: {"action":"save_and_play","content":"#EXTM3U\n#EXTINF:-1,Obsession.2026.1080p.AMZN.WEB-DL.DDP5.1.H264.MP4-BTM\nhttps://moviewatch.ankitgupta.com.np/api/relay?url=https%3A%2F%2Ftorrserver.ankitgupta.com.np%2Fstream%3Flink%3Dafa1047f19870e4a75a8603037fd0fb11bdfdce0%26index%3D1%26play\n","folder":"C:\\StreamVault_Downloads","filename":"Obsession20261080pAMZNWEB-DLDDP51H264MP4-BTM_afa1047f19870e4a75a8603037fd0fb11bdfdce0.m3u8"}
[2026-07-06T04:56:50.434Z] Successfully saved playlist file to: C:\StreamVault_Downloads\Obsession20261080pAMZNWEB-DLDDP51H264MP4-BTM_afa1047f19870e4a75a8603037fd0fb11bdfdce0.m3u8
[2026-07-06T04:56:50.434Z] Spawning VLC path: "C:\Program Files\VideoLAN\VLC\vlc.exe" with file: "C:\StreamVault_Downloads\Obsession20261080pAMZNWEB-DLDDP51H264MP4-BTM_afa1047f19870e4a75a8603037fd0fb11bdfdce0.m3u8"
[2026-07-06T04:57:46.392Z] Stream Vault Native Messaging Host stream ended
[2026-07-06T04:57:46.391Z] Stream Vault Native Messaging Host stream ended
[2026-07-06T05:06:35.524Z] Stream Vault Native Messaging Host started
[2026-07-06T05:06:35.526Z] Received message: {"action":"save_and_play","content":"#EXTM3U\n#EXTINF:-1,Obsession.2026.1080p.AMZN.WEB-DL.DDP5.1.H264.MP4-BTM\nhttps://moviewatch.ankitgupta.com.np/api/relay?url=https%3A%2F%2Ftorrserver.ankitgupta.com.np%2Fstream%3Flink%3Dafa1047f19870e4a75a8603037fd0fb11bdfdce0%26index%3D1%26play\n","folder":"C:\\StreamVault_Downloads","filename":"Obsession20261080pAMZNWEB-DLDDP51H264MP4-BTM_afa1047f19870e4a75a8603037fd0fb11bdfdce0.m3u8"}
[2026-07-06T05:06:35.527Z] Successfully saved playlist file to: C:\StreamVault_Downloads\Obsession20261080pAMZNWEB-DLDDP51H264MP4-BTM_afa1047f19870e4a75a8603037fd0fb11bdfdce0.m3u8
[2026-07-06T05:06:35.528Z] Spawning VLC path: "C:\Program Files\VideoLAN\VLC\vlc.exe" with file: "C:\StreamVault_Downloads\Obsession20261080pAMZNWEB-DLDDP51H264MP4-BTM_afa1047f19870e4a75a8603037fd0fb11bdfdce0.m3u8"
[2026-07-06T05:09:31.672Z] Stream Vault Native Messaging Host stream ended
[2026-07-06T05:27:42.688Z] Stream Vault Native Messaging Host started
[2026-07-06T05:27:42.690Z] Received message: {"action":"save_and_play","content":"#EXTM3U\n#EXTINF:-1,Scary.Movie.2026.1080p.CAM.x264-DkS\nhttps://moviewatch.ankitgupta.com.np/api/relay?url=https%3A%2F%2Ftorrserver.ankitgupta.com.np%2Fstream%3Flink%3D43da82e8ec1d3b2f7a4543b3f8bb3a980803f9bf%26index%3D1%26play\n","folder":"C:\\StreamVault_Downloads","filename":"ScaryMovie20261080pCAMx264-DkS_43da82e8ec1d3b2f7a4543b3f8bb3a980803f9bf.m3u8"}
[2026-07-06T05:27:42.691Z] Successfully saved playlist file to: C:\StreamVault_Downloads\ScaryMovie20261080pCAMx264-DkS_43da82e8ec1d3b2f7a4543b3f8bb3a980803f9bf.m3u8
[2026-07-06T05:27:42.692Z] Spawning VLC path: "C:\Program Files\VideoLAN\VLC\vlc.exe" with file: "C:\StreamVault_Downloads\ScaryMovie20261080pCAMx264-DkS_43da82e8ec1d3b2f7a4543b3f8bb3a980803f9bf.m3u8"
[2026-07-06T05:29:43.165Z] Stream Vault Native Messaging Host started
[2026-07-06T05:29:43.167Z] Received message: {"action":"save_and_play","content":"#EXTM3U\n#EXTINF:-1,Scary.Movie.2026.1080p.CAM.x264-DkS\nhttps://moviewatch.ankitgupta.com.np/api/relay?url=https%3A%2F%2Ftorrserver.ankitgupta.com.np%2Fstream%3Flink%3D43da82e8ec1d3b2f7a4543b3f8bb3a980803f9bf%26index%3D1%26play\n","folder":"C:\\StreamVault_Downloads","filename":"ScaryMovie20261080pCAMx264-DkS_43da82e8ec1d3b2f7a4543b3f8bb3a980803f9bf.m3u8"}
[2026-07-06T05:29:43.168Z] Successfully saved playlist file to: C:\StreamVault_Downloads\ScaryMovie20261080pCAMx264-DkS_43da82e8ec1d3b2f7a4543b3f8bb3a980803f9bf.m3u8
[2026-07-06T05:29:43.168Z] Spawning VLC path: "C:\Program Files\VideoLAN\VLC\vlc.exe" with file: "C:\StreamVault_Downloads\ScaryMovie20261080pCAMx264-DkS_43da82e8ec1d3b2f7a4543b3f8bb3a980803f9bf.m3u8"
[2026-07-06T05:29:48.834Z] Stream Vault Native Messaging Host stream ended
[2026-07-06T05:29:48.832Z] Stream Vault Native Messaging Host stream ended
[2026-07-06T05:51:27.441Z] Stream Vault Native Messaging Host stream ended
[2026-07-06T09:59:38.531Z] Stream Vault Native Messaging Host started
[2026-07-06T09:59:38.549Z] Received message: {"action":"save_and_play","content":"#EXTM3U\n#EXTINF:-1,Obsession.2026.1080p.AMZN.WEB-DL.DDP5.1.H264.MP4-BTM\nhttps://torrserver.ankitgupta.com.np/stream?link=afa1047f19870e4a75a8603037fd0fb11bdfdce0&index=1&play\n","folder":"C:\\StreamVault_Downloads","filename":"Obsession20261080pAMZNWEB-DLDDP51H264MP4-BTM_afa1047f19870e4a75a8603037fd0fb11bdfdce0.m3u8"}
[2026-07-06T09:59:38.551Z] Successfully saved playlist file to: C:\StreamVault_Downloads\Obsession20261080pAMZNWEB-DLDDP51H264MP4-BTM_afa1047f19870e4a75a8603037fd0fb11bdfdce0.m3u8
[2026-07-06T09:59:38.552Z] Spawning VLC path: "C:\Program Files\VideoLAN\VLC\vlc.exe" with file: "C:\StreamVault_Downloads\Obsession20261080pAMZNWEB-DLDDP51H264MP4-BTM_afa1047f19870e4a75a8603037fd0fb11bdfdce0.m3u8"
[2026-07-06T10:01:14.850Z] Stream Vault Native Messaging Host stream ended
[2026-07-06T10:20:31.568Z] Stream Vault Native Messaging Host started
[2026-07-06T10:20:31.571Z] Received message: {"action":"save_and_play","content":"#EXTM3U\n#EXTINF:-1,Michael.2026.1080p.AMZN.WEB-DL.DDP5.1.H.264-KyoGo\nhttps://torrserver.ankitgupta.com.np/stream?link=5ef77d36a19a45439f918ec23a26ce3fd3c0182c&index=1&play\n","folder":"C:\\StreamVault_Downloads","filename":"Michael20261080pAMZNWEB-DLDDP51H264-KyoGo_5ef77d36a19a45439f918ec23a26ce3fd3c0182c.m3u8"}
[2026-07-06T10:20:31.572Z] Successfully saved playlist file to: C:\StreamVault_Downloads\Michael20261080pAMZNWEB-DLDDP51H264-KyoGo_5ef77d36a19a45439f918ec23a26ce3fd3c0182c.m3u8
[2026-07-06T10:20:31.573Z] Spawning VLC path: "C:\Program Files\VideoLAN\VLC\vlc.exe" with file: "C:\StreamVault_Downloads\Michael20261080pAMZNWEB-DLDDP51H264-KyoGo_5ef77d36a19a45439f918ec23a26ce3fd3c0182c.m3u8"
[2026-07-06T10:20:37.465Z] Stream Vault Native Messaging Host stream ended
[2026-07-06T10:45:10.254Z] Stream Vault Native Messaging Host started
[2026-07-06T10:45:10.621Z] Received message: {"action":"save_and_play","content":"#EXTM3U\n#EXTINF:-1,Michael.2026.1080p.AMZN.WEB-DL.DDP5.1.H.264-KyoGo\nhttps://torrserver.ankitgupta.com.np/stream?link=5ef77d36a19a45439f918ec23a26ce3fd3c0182c&index=1&play\n","folder":"C:\\StreamVault_Downloads","filename":"Michael20261080pAMZNWEB-DLDDP51H264-KyoGo_5ef77d36a19a45439f918ec23a26ce3fd3c0182c.m3u8"}
[2026-07-06T10:45:10.622Z] Successfully saved playlist file to: C:\StreamVault_Downloads\Michael20261080pAMZNWEB-DLDDP51H264-KyoGo_5ef77d36a19a45439f918ec23a26ce3fd3c0182c.m3u8
[2026-07-06T10:45:10.622Z] Spawning VLC path: "C:\Program Files\VideoLAN\VLC\vlc.exe" with file: "C:\StreamVault_Downloads\Michael20261080pAMZNWEB-DLDDP51H264-KyoGo_5ef77d36a19a45439f918ec23a26ce3fd3c0182c.m3u8"
[2026-07-06T10:46:02.511Z] Stream Vault Native Messaging Host stream ended
